\BOOKMARK [0][-]{chapter.1}{\376\377\004\037\004\076\004\101\004\102\004\060\004\075\004\076\004\062\004\072\004\060\000\040\004\067\004\060\004\064\004\060\004\107\004\126}{}% 1
\BOOKMARK [1][-]{section.1.1}{\376\377\004\027\004\060\004\062\004\064\004\060\004\075\004\075\004\117}{chapter.1}% 2
\BOOKMARK [1][-]{section.1.2}{\376\377\004\037\004\076\004\101\004\102\004\060\004\062\004\073\004\065\004\075\004\126\000\040\004\067\004\060\004\064\004\060\004\107\004\126}{chapter.1}% 3
\BOOKMARK [0][-]{chapter.2}{\376\377\004\021\004\060\004\067\004\060\000\040\004\064\004\060\004\075\004\070\004\105}{}% 4
\BOOKMARK [1][-]{section.2.1}{\376\377\004\036\004\077\004\070\004\101\000\040\004\061\004\060\004\067\004\070\000\040\004\064\004\060\004\075\004\070\004\105}{chapter.2}% 5
\BOOKMARK [1][-]{section.2.2}{\376\377\004\042\004\060\004\061\004\073\004\070\004\106\004\126\000\040\004\102\004\060\000\040\004\062\004\126\004\064\004\075\004\076\004\110\004\065\004\075\004\075\004\117\000\040\004\074\004\126\004\066\000\040\004\075\004\070\004\074\004\070}{chapter.2}% 6
\BOOKMARK [1][-]{section.2.3}{\376\377\004\036\004\077\004\070\004\101\000\040\004\102\004\060\004\061\004\073\004\070\004\106\004\114}{chapter.2}% 7
\BOOKMARK [0][-]{chapter.3}{\376\377\004\042\004\100\004\070\004\100\004\126\004\062\004\075\004\065\004\062\004\060\000\040\004\060\004\100\004\105\004\126\004\102\004\065\004\072\004\102\004\103\004\100\004\060\000\040\004\077\004\100\004\076\004\063\004\100\004\060\004\074\004\070}{}% 8
\BOOKMARK [1][-]{section.3.1}{\376\377\004\036\004\077\004\070\004\101}{chapter.3}% 9
\BOOKMARK [1][-]{section.3.2}{\376\377\000D\000A\000L}{chapter.3}% 10
\BOOKMARK [2][-]{subsection.3.2.1}{\376\377\000E\000n\000t\000i\000t\000y}{section.3.2}% 11
\BOOKMARK [2][-]{subsection.3.2.2}{\376\377\004\041\004\102\004\100\004\103\004\072\004\102\004\103\004\100\004\060\000\040\000D\000A\000L}{section.3.2}% 12
\BOOKMARK [1][-]{section.3.3}{\376\377\000B\000L\000L}{chapter.3}% 13
\BOOKMARK [2][-]{subsection.3.3.1}{\376\377\004\041\004\102\004\100\004\103\004\072\004\102\004\103\004\100\004\060\000\040\000B\000L\000L}{section.3.3}% 14
\BOOKMARK [1][-]{section.3.4}{\376\377\000U\000I}{chapter.3}% 15
\BOOKMARK [0][-]{chapter.4}{\376\377\000C\000o\000n\000s\000o\000l\000e\000\040\000A\000p\000p\000l\000i\000c\000a\000t\000i\000o\000n}{}% 16
\BOOKMARK [1][-]{section.4.1}{\376\377\000M\000e\000n\000u}{chapter.4}% 17
\BOOKMARK [1][-]{section.4.2}{\376\377\004\022\004\070\004\063\004\073\004\117\004\064}{chapter.4}% 18
\BOOKMARK [0][-]{chapter.5}{\376\377\000W\000i\000n\000d\000o\000w\000s\000\040\000F\000o\000r\000m\000s\000\040\000A\000p\000p\000l\000i\000c\000a\000t\000i\000o\000n}{}% 19
\BOOKMARK [1][-]{section.5.1}{\376\377\004\022\004\070\004\063\004\073\004\117\004\064\000\040\004\102\004\060\000\040\004\076\004\077\004\070\004\101\000\040\004\077\004\100\004\076\004\063\004\100\004\060\004\074\004\070}{chapter.5}% 20
\BOOKMARK [0][-]{chapter.6}{\376\377\000W\000P\000F\000\040\000A\000p\000p\000l\000i\000c\000a\000t\000i\000o\000n}{}% 21
\BOOKMARK [1][-]{section.6.1}{\376\377\004\022\004\070\004\063\004\073\004\117\004\064\000\040\004\102\004\060\000\040\004\076\004\077\004\070\004\101\000\040\004\077\004\100\004\076\004\063\004\100\004\060\004\074\004\070}{chapter.6}% 22
\BOOKMARK [0][-]{chapter.7}{\376\377\004\022\004\070\004\101\004\075\004\076\004\062\004\076\004\072}{}% 23
\BOOKMARK [1][-]{section.7.1}{\376\377\004\022\004\070\004\101\004\075\004\076\004\062\004\076\004\072}{chapter.7}% 24
